<?xml version="1.0" encoding="UTF-8"?>
<coverage generated="1659493804205" clover="3.2.0">
  <project timestamp="1659493804205" name="All files">
    <metrics statements="32" coveredstatements="30" conditionals="7" coveredconditionals="7" methods="6" coveredmethods="6" elements="45" coveredelements="43" complexity="0" loc="32" ncloc="32" packages="1" files="2" classes="2"/>
    <file name="cpf.entity.ts" path="/Users/nicolas.aoki/projects/branas/src/cpf.entity.ts">
      <metrics statements="23" coveredstatements="21" conditionals="4" coveredconditionals="4" methods="5" coveredmethods="5"/>
      <line num="1" count="1" type="stmt"/>
      <line num="2" count="6" type="stmt"/>
      <line num="5" count="6" type="stmt"/>
      <line num="13" count="5" type="stmt"/>
      <line num="18" count="5" type="stmt"/>
      <line num="19" count="5" type="stmt"/>
      <line num="21" count="5" type="stmt"/>
      <line num="22" count="38" type="stmt"/>
      <line num="23" count="38" type="stmt"/>
      <line num="24" count="38" type="stmt"/>
      <line num="27" count="5" type="stmt"/>
      <line num="29" count="5" type="cond" truecount="2" falsecount="0"/>
      <line num="30" count="5" type="stmt"/>
      <line num="31" count="5" type="stmt"/>
      <line num="32" count="5" type="cond" truecount="2" falsecount="0"/>
      <line num="33" count="2" type="stmt"/>
      <line num="35" count="3" type="stmt"/>
      <line num="37" count="5" type="stmt"/>
      <line num="38" count="5" type="stmt"/>
      <line num="39" count="5" type="stmt"/>
      <line num="41" count="0" type="stmt"/>
      <line num="42" count="0" type="stmt"/>
      <line num="47" count="12" type="stmt"/>
    </file>
    <file name="cpf.ts" path="/Users/nicolas.aoki/projects/branas/src/cpf.ts">
      <metrics statements="9" coveredstatements="9" conditionals="3" coveredconditionals="3" methods="1" coveredmethods="1"/>
      <line num="1" count="1" type="stmt"/>
      <line num="4" count="1" type="stmt"/>
      <line num="6" count="9" type="cond" truecount="1" falsecount="0"/>
      <line num="7" count="7" type="cond" truecount="1" falsecount="0"/>
      <line num="9" count="6" type="stmt"/>
      <line num="11" count="6" type="stmt"/>
      <line num="13" count="6" type="cond" truecount="1" falsecount="0"/>
      <line num="15" count="5" type="stmt"/>
      <line num="16" count="5" type="stmt"/>
    </file>
  </project>
</coverage>
