{"/Users/nicolas.aoki/projects/branas/src/cpf.entity.ts": {"path":"/Users/nicolas.aoki/projects/branas/src/cpf.entity.ts","statementMap":{"0":{"start":{"line":2,"column":21},"end":{"line":2,"column":32}},"1":{"start":{"line":5,"column":4},"end":{"line":9,"column":21}},"2":{"start":{"line":13,"column":4},"end":{"line":43,"column":null}},"3":{"start":{"line":18,"column":6},"end":{"line":18,"column":18}},"4":{"start":{"line":19,"column":6},"end":{"line":19,"column":27}},"5":{"start":{"line":21,"column":6},"end":{"line":25,"column":8}},"6":{"start":{"line":21,"column":24},"end":{"line":21,"column":25}},"7":{"start":{"line":22,"column":6},"end":{"line":22,"column":66}},"8":{"start":{"line":23,"column":6},"end":{"line":23,"column":41}},"9":{"start":{"line":24,"column":6},"end":{"line":24,"column":41}},"10":{"start":{"line":27,"column":6},"end":{"line":27,"column":23}},"11":{"start":{"line":29,"column":6},"end":{"line":29,"column":45}},"12":{"start":{"line":30,"column":6},"end":{"line":30,"column":20}},"13":{"start":{"line":31,"column":6},"end":{"line":31,"column":23}},"14":{"start":{"line":32,"column":6},"end":{"line":36,"column":null}},"15":{"start":{"line":33,"column":8},"end":{"line":33,"column":16}},"16":{"start":{"line":35,"column":8},"end":{"line":35,"column":24}},"17":{"start":{"line":37,"column":24},"end":{"line":37,"column":87}},"18":{"start":{"line":38,"column":6},"end":{"line":38,"column":39}},"19":{"start":{"line":39,"column":6},"end":{"line":39,"column":39}},"20":{"start":{"line":41,"column":6},"end":{"line":41,"column":32}},"21":{"start":{"line":42,"column":6},"end":{"line":42,"column":19}},"22":{"start":{"line":47,"column":4},"end":{"line":47,"column":null}},"23":{"start":{"line":47,"column":51},"end":{"line":47,"column":71}},"24":{"start":{"line":1,"column":0},"end":{"line":1,"column":21}}},"fnMap":{"0":{"name":"(anonymous_0)","decl":{"start":{"line":2,"column":2},"end":{"line":2,"column":21}},"loc":{"start":{"line":2,"column":32},"end":{"line":2,"column":36}}},"1":{"name":"(anonymous_1)","decl":{"start":{"line":4,"column":2},"end":{"line":4,"column":25}},"loc":{"start":{"line":4,"column":25},"end":{"line":10,"column":3}}},"2":{"name":"(anonymous_2)","decl":{"start":{"line":12,"column":2},"end":{"line":12,"column":14}},"loc":{"start":{"line":12,"column":14},"end":{"line":44,"column":3}}},"3":{"name":"(anonymous_3)","decl":{"start":{"line":46,"column":2},"end":{"line":46,"column":20}},"loc":{"start":{"line":46,"column":20},"end":{"line":48,"column":3}}},"4":{"name":"(anonymous_4)","decl":{"start":{"line":47,"column":39},"end":{"line":47,"column":40}},"loc":{"start":{"line":47,"column":51},"end":{"line":47,"column":71}}}},"branchMap":{"0":{"loc":{"start":{"line":29,"column":12},"end":{"line":29,"column":44}},"type":"cond-expr","locations":[{"start":{"line":29,"column":25},"end":{"line":29,"column":32}},{"start":{"line":29,"column":35},"end":{"line":29,"column":44}}]},"1":{"loc":{"start":{"line":32,"column":6},"end":{"line":36,"column":null}},"type":"if","locations":[{"start":{"line":32,"column":6},"end":{"line":36,"column":null}},{"start":{"line":34,"column":13},"end":{"line":36,"column":null}}]}},"s":{"0":6,"1":6,"2":5,"3":5,"4":5,"5":5,"6":5,"7":38,"8":38,"9":38,"10":5,"11":5,"12":5,"13":5,"14":5,"15":2,"16":3,"17":5,"18":5,"19":5,"20":0,"21":0,"22":6,"23":12,"24":1},"f":{"0":6,"1":6,"2":5,"3":6,"4":12},"b":{"0":[2,3],"1":[2,3]}}
,"/Users/nicolas.aoki/projects/branas/src/cpf.ts": {"path":"/Users/nicolas.aoki/projects/branas/src/cpf.ts","statementMap":{"0":{"start":{"line":1,"column":0},"end":{"line":1,"column":30}},"1":{"start":{"line":6,"column":1},"end":{"line":6,"column":null}},"2":{"start":{"line":6,"column":11},"end":{"line":6,"column":null}},"3":{"start":{"line":7,"column":1},"end":{"line":7,"column":null}},"4":{"start":{"line":7,"column":18},"end":{"line":7,"column":null}},"5":{"start":{"line":9,"column":19},"end":{"line":9,"column":31}},"6":{"start":{"line":11,"column":1},"end":{"line":11,"column":null}},"7":{"start":{"line":13,"column":1},"end":{"line":13,"column":null}},"8":{"start":{"line":13,"column":37},"end":{"line":13,"column":null}},"9":{"start":{"line":15,"column":18},"end":{"line":15,"column":42}},"10":{"start":{"line":16,"column":1},"end":{"line":16,"column":null}},"11":{"start":{"line":4,"column":0},"end":{"line":4,"column":16}}},"fnMap":{"0":{"name":"validate","decl":{"start":{"line":4,"column":16},"end":{"line":4,"column":24}},"loc":{"start":{"line":4,"column":34},"end":{"line":17,"column":1}}}},"branchMap":{"0":{"loc":{"start":{"line":6,"column":1},"end":{"line":6,"column":null}},"type":"if","locations":[{"start":{"line":6,"column":1},"end":{"line":6,"column":null}}]},"1":{"loc":{"start":{"line":7,"column":1},"end":{"line":7,"column":null}},"type":"if","locations":[{"start":{"line":7,"column":1},"end":{"line":7,"column":null}}]},"2":{"loc":{"start":{"line":13,"column":1},"end":{"line":13,"column":null}},"type":"if","locations":[{"start":{"line":13,"column":1},"end":{"line":13,"column":null}}]}},"s":{"0":1,"1":9,"2":2,"3":7,"4":1,"5":6,"6":6,"7":6,"8":1,"9":5,"10":5,"11":1},"f":{"0":9},"b":{"0":[2],"1":[1],"2":[1]}}
}
