TN:
SF:src/cpf.entity.ts
FN:2,(anonymous_0)
FN:4,(anonymous_1)
FN:12,(anonymous_2)
FN:46,(anonymous_3)
FN:47,(anonymous_4)
FNF:5
FNH:5
FNDA:6,(anonymous_0)
FNDA:6,(anonymous_1)
FNDA:5,(anonymous_2)
FNDA:6,(anonymous_3)
FNDA:12,(anonymous_4)
DA:1,1
DA:2,6
DA:5,6
DA:13,5
DA:18,5
DA:19,5
DA:21,5
DA:22,38
DA:23,38
DA:24,38
DA:27,5
DA:29,5
DA:30,5
DA:31,5
DA:32,5
DA:33,2
DA:35,3
DA:37,5
DA:38,5
DA:39,5
DA:41,0
DA:42,0
DA:47,12
LF:23
LH:21
BRDA:29,0,0,2
BRDA:29,0,1,3
BRDA:32,1,0,2
BRDA:32,1,1,3
BRF:4
BRH:4
end_of_record
TN:
SF:src/cpf.ts
FN:4,validate
FNF:1
FNH:1
FNDA:9,validate
DA:1,1
DA:4,1
DA:6,9
DA:7,7
DA:9,6
DA:11,6
DA:13,6
DA:15,5
DA:16,5
LF:9
LH:9
BRDA:6,0,0,2
BRDA:7,1,0,1
BRDA:13,2,0,1
BRF:3
BRH:3
end_of_record
